<?xml version="1.0" encoding="UTF-8"?>
<testsuite xmlns:xsi="http://www.w3.org/2001/XMLSchema-instance" xsi:noNamespaceSchemaLocation="https://maven.apache.org/surefire/maven-surefire-plugin/xsd/surefire-test-report-3.0.xsd" version="3.0" name="CILabTest" time="0.15" tests="2" errors="0" skipped="0" failures="2">
  <properties>
[...]
</properties>
  <testcase name="detectCapitalUseTest1" classname="CILabTest" time="0.093">
    <failure type="org.opentest4j.AssertionFailedError"><![CDATA[org.opentest4j.AssertionFailedError: Not yet implemented
	at CILabTest.detectCapitalUseTest1(CILabTest.java:23)
]]></failure>
  </testcase>
  <testcase name="detectCapitalUseTest2" classname="CILabTest" time="0.003">
    <failure type="org.opentest4j.AssertionFailedError"><![CDATA[org.opentest4j.AssertionFailedError: Not yet implemented
	at CILabTest.detectCapitalUseTest2(CILabTest.java:28)
]]></failure>
  </testcase>
</testsuite>